<?xml version="1.0" encoding="UTF-8"?>
<!-- Generated by org.testng.reporters.JUnitXMLReporter -->
<testsuite ignored="0" hostname="DESKTOP-P8K6E78" failures="0" tests="2" name="Attendance Test" time="23.712" errors="0" timestamp="2022-09-21T16:27:41 IST">
  <testcase classname="com.ftx.qa.testcases.AttendanceModulePageTest" name="AttendanceModule" time="0.875"/>
  <testcase classname="com.ftx.qa.testcases.AttendanceModulePageTest" name="executeAttendanceModule" time="19.664"/>
</testsuite> <!-- Attendance Test -->
