<?xml version="1.0" encoding="UTF-8"?>
<!-- Generated by org.testng.reporters.JUnitXMLReporter -->
<testsuite ignored="0" hostname="DESKTOP-P8K6E78" failures="0" tests="5" name="CallsModule Test" time="26.478" errors="0" timestamp="2022-09-21T16:24:07 IST">
  <testcase classname="com.ftx.qa.testcases.CallsModulePageTest" name="executeCallsModule" time="0.673"/>
  <testcase classname="com.ftx.qa.testcases.CallsModulePageTest" name="executeInboundLink" time="6.634"/>
  <testcase classname="com.ftx.qa.testcases.CallsModulePageTest" name="executeOutBoundlink" time="5.294"/>
  <testcase classname="com.ftx.qa.testcases.CallsModulePageTest" name="executeSharedLink" time="6.32"/>
  <testcase classname="com.ftx.qa.testcases.CallsModulePageTest" name="executeDisputeLink" time="5.333"/>
</testsuite> <!-- CallsModule Test -->
