<?xml version="1.0" encoding="UTF-8"?>
<!-- Generated by org.testng.reporters.JUnitXMLReporter -->
<testsuite ignored="0" hostname="DESKTOP-P8K6E78" failures="0" tests="7" name="ClientStaus Test" time="30.6" errors="0" timestamp="2022-09-21T16:27:17 IST">
  <testcase classname="com.ftx.qa.testcases.ClientStatusModulePageTest" name="ClienstatusModule" time="0.865"/>
  <testcase classname="com.ftx.qa.testcases.ClientStatusModulePageTest" name="executeAgreementPendinglink" time="5.661"/>
  <testcase classname="com.ftx.qa.testcases.ClientStatusModulePageTest" name="executeAgreementCompletedlink" time="4.398"/>
  <testcase classname="com.ftx.qa.testcases.ClientStatusModulePageTest" name="executeAgreementReceivedlink" time="4.415"/>
  <testcase classname="com.ftx.qa.testcases.ClientStatusModulePageTest" name="executeInstallationPendinglink" time="4.367"/>
  <testcase classname="com.ftx.qa.testcases.ClientStatusModulePageTest" name="executePartiallyInstalledlink" time="4.39"/>
  <testcase classname="com.ftx.qa.testcases.ClientStatusModulePageTest" name="executeInstallationCompletedlink" time="4.168"/>
</testsuite> <!-- ClientStaus Test -->
