<?xml version="1.0" encoding="UTF-8"?>
<!-- Generated by org.testng.reporters.JUnitXMLReporter -->
<testsuite ignored="0" hostname="DESKTOP-P8K6E78" failures="0" tests="5" name="EnquiriesModule Test" time="65.672" errors="0" timestamp="2022-09-21T16:25:13 IST">
  <testcase classname="com.ftx.qa.testcases.EnquiriesModulePagetTest" name="EnquiriesModule" time="0.711"/>
  <testcase classname="com.ftx.qa.testcases.EnquiriesModulePagetTest" name="executeNewSubModule" time="12.967"/>
  <testcase classname="com.ftx.qa.testcases.EnquiriesModulePagetTest" name="executeARingingSubModule" time="23.089"/>
  <testcase classname="com.ftx.qa.testcases.EnquiriesModulePagetTest" name="executePostponedSubModule" time="11.772"/>
  <testcase classname="com.ftx.qa.testcases.EnquiriesModulePagetTest" name="executeAssignedSubModule" time="13.858"/>
</testsuite> <!-- EnquiriesModule Test -->
