<?xml version="1.0" encoding="UTF-8"?>
<!-- Generated by org.testng.reporters.JUnitXMLReporter -->
<testsuite ignored="0" hostname="DESKTOP-P8K6E78" failures="0" tests="5" name="EnquiriesModule3 Test" time="49.245" errors="0" timestamp="2022-09-21T16:26:40 IST">
  <testcase classname="com.ftx.qa.testcases.EnquiriesmodulePageTest3" name="EnquiriesModule3" time="0.815"/>
  <testcase classname="com.ftx.qa.testcases.EnquiriesmodulePageTest3" name="executeInvoiceModule" time="18.153"/>
  <testcase classname="com.ftx.qa.testcases.EnquiriesmodulePageTest3" name="executeSignedModule" time="19.098"/>
  <testcase classname="com.ftx.qa.testcases.EnquiriesmodulePageTest3" name="executeRequestTransfer" time="6.648"/>
  <testcase classname="com.ftx.qa.testcases.EnquiriesmodulePageTest3" name="executeTransferList" time="2.3"/>
</testsuite> <!-- EnquiriesModule3 Test -->
