<?xml version="1.0" encoding="UTF-8"?>
<!-- Generated by org.testng.reporters.JUnitXMLReporter -->
<testsuite ignored="0" hostname="DESKTOP-P8K6E78" failures="0" tests="4" name="EnquiriesModule2 Test" time="37.426" errors="0" timestamp="2022-09-21T16:25:51 IST">
  <testcase classname="com.ftx.qa.testcases.EnquiriesModulePage2Test" name="EnquiriesModule2" time="0.853"/>
  <testcase classname="com.ftx.qa.testcases.EnquiriesModulePage2Test" name="executeNotInterestedSubmodule" time="10.764"/>
  <testcase classname="com.ftx.qa.testcases.EnquiriesModulePage2Test" name="executeTodayRingingSubModule" time="11.76"/>
  <testcase classname="com.ftx.qa.testcases.EnquiriesModulePage2Test" name="executeTodayPostponedSubModule" time="10.783"/>
</testsuite> <!-- EnquiriesModule2 Test -->
