<?xml version="1.0" encoding="UTF-8"?>
<!-- Generated by org.testng.reporters.JUnitXMLReporter -->
<testsuite ignored="0" hostname="DESKTOP-P8K6E78" failures="0" tests="2" name="HistoryModule Test" time="6.96" errors="0" timestamp="2022-09-21T16:23:41 IST">
  <testcase classname="com.ftx.qa.testcases.HistoryModulePageTest" name="loginTest" time="0.712"/>
  <testcase classname="com.ftx.qa.testcases.HistoryModulePageTest" name="executeHistoryPageModule" time="3.022"/>
</testsuite> <!-- HistoryModule Test -->
