<?xml version="1.0" encoding="UTF-8"?>
<testng-results ignored="0" total="2" passed="2" failed="0" skipped="0">
  <reporter-output>
  </reporter-output>
  <suite started-at="2022-09-26T10:26:24 IST" name="Default suite" finished-at="2022-09-26T10:26:30 IST" duration-ms="6717">
    <groups>
    </groups>
    <test started-at="2022-09-26T10:26:24 IST" name="Default test" finished-at="2022-09-26T10:26:30 IST" duration-ms="6717">
      <class name="com.ftx.qa.testcases.LoginPageTest">
        <test-method signature="setup()[pri:1, instance:com.ftx.qa.testcases.LoginPageTest@74ea2410]" started-at="2022-09-26T10:26:24 IST" name="setup" finished-at="2022-09-26T10:26:27 IST" duration-ms="3479" status="PASS">
          <reporter-output>
          </reporter-output>
        </test-method> <!-- setup -->
        <test-method signature="executeLoginPage()[pri:2, instance:com.ftx.qa.testcases.LoginPageTest@74ea2410]" started-at="2022-09-26T10:26:27 IST" name="executeLoginPage" finished-at="2022-09-26T10:26:30 IST" duration-ms="3209" status="PASS">
          <reporter-output>
          </reporter-output>
        </test-method> <!-- executeLoginPage -->
      </class> <!-- com.ftx.qa.testcases.LoginPageTest -->
    </test> <!-- Default test -->
  </suite> <!-- Default suite -->
</testng-results>
