<?xml version="1.0" encoding="UTF-8"?>
<!-- Generated by org.testng.reporters.JUnitXMLReporter -->
<testsuite ignored="0" hostname="DESKTOP-P8K6E78" failures="0" tests="2" name="Singned Test Case" time="8.921" errors="0" timestamp="2022-09-03T14:52:17 IST">
  <testcase classname="com.ftx.qa.testcase.SignEnqModuleTest" name="ExecuteSignEnqModule" time="0.025"/>
  <testcase classname="com.ftx.qa.testcase.SignEnqModuleTest" name="ExecuteSignLink" time="0.276"/>
</testsuite> <!-- Singned Test Case -->
