<?xml version="1.0" encoding="UTF-8"?>
<testng-results ignored="0" total="1" passed="1" failed="0" skipped="0">
  <reporter-output>
  </reporter-output>
  <suite started-at="2022-09-22T15:42:04 IST" name="Default suite" finished-at="2022-09-22T15:42:06 IST" duration-ms="2076">
    <groups>
    </groups>
    <test started-at="2022-09-22T15:42:04 IST" name="Default test" finished-at="2022-09-22T15:42:06 IST" duration-ms="2076">
      <class name="com.ftx.qa.testcases.LoginPageTest">
        <test-method signature="setup()[pri:0, instance:com.ftx.qa.testcases.LoginPageTest@534a5a98]" started-at="2022-09-22T15:42:04 IST" name="setup" finished-at="2022-09-22T15:42:06 IST" duration-ms="1929" status="PASS">
          <reporter-output>
          </reporter-output>
        </test-method> <!-- setup -->
        <test-method is-config="true" signature="tearDown()[pri:0, instance:com.ftx.qa.testcases.LoginPageTest@534a5a98]" started-at="2022-09-22T15:42:06 IST" name="tearDown" finished-at="2022-09-22T15:42:06 IST" duration-ms="124" status="PASS">
          <reporter-output>
          </reporter-output>
        </test-method> <!-- tearDown -->
      </class> <!-- com.ftx.qa.testcases.LoginPageTest -->
    </test> <!-- Default test -->
  </suite> <!-- Default suite -->
</testng-results>
