<?xml version="1.0" encoding="UTF-8"?>
<testng-results ignored="0" total="8" passed="8" failed="0" skipped="0">
  <reporter-output>
  </reporter-output>
  <suite started-at="2022-09-14T10:25:25 IST" name="TL Panel" finished-at="2022-09-14T10:29:07 IST" duration-ms="222163">
    <groups>
    </groups>
    <test started-at="2022-09-14T10:25:25 IST" name="Login Test" finished-at="2022-09-14T10:25:33 IST" duration-ms="7879">
      <class name="com.ftx.qa.testcases.LoginPageTest">
        <test-method is-config="true" signature="setup()[pri:0, instance:com.ftx.qa.testcases.LoginPageTest@235ecd9f]" started-at="2022-09-14T10:25:25 IST" name="setup" finished-at="2022-09-14T10:25:27 IST" duration-ms="2414" status="PASS">
          <reporter-output>
          </reporter-output>
        </test-method> <!-- setup -->
        <test-method signature="loginTest()[pri:0, instance:com.ftx.qa.testcases.LoginPageTest@235ecd9f]" started-at="2022-09-14T10:25:27 IST" name="loginTest" finished-at="2022-09-14T10:25:30 IST" duration-ms="3221" status="PASS">
          <reporter-output>
          </reporter-output>
        </test-method> <!-- loginTest -->
        <test-method is-config="true" signature="teardown()[pri:0, instance:com.ftx.qa.testcases.LoginPageTest@235ecd9f]" started-at="2022-09-14T10:25:30 IST" name="teardown" finished-at="2022-09-14T10:25:33 IST" duration-ms="2204" status="PASS">
          <reporter-output>
          </reporter-output>
        </test-method> <!-- teardown -->
      </class> <!-- com.ftx.qa.testcases.LoginPageTest -->
    </test> <!-- Login Test -->
    <test started-at="2022-09-14T10:25:33 IST" name="Staff Test" finished-at="2022-09-14T10:26:38 IST" duration-ms="65637">
      <class name="com.ftx.qa.testcases.StaffsPageTest">
        <test-method is-config="true" signature="setup()[pri:0, instance:com.ftx.qa.testcases.StaffsPageTest@433defed]" started-at="2022-09-14T10:25:33 IST" name="setup" finished-at="2022-09-14T10:25:34 IST" duration-ms="1506" status="PASS">
          <reporter-output>
          </reporter-output>
        </test-method> <!-- setup -->
        <test-method signature="executeStaffPage()[pri:0, instance:com.ftx.qa.testcases.StaffsPageTest@433defed]" started-at="2022-09-14T10:25:34 IST" name="executeStaffPage" finished-at="2022-09-14T10:26:36 IST" duration-ms="61984" status="PASS">
          <reporter-output>
          </reporter-output>
        </test-method> <!-- executeStaffPage -->
        <test-method is-config="true" signature="tearDown()[pri:0, instance:com.ftx.qa.testcases.StaffsPageTest@433defed]" started-at="2022-09-14T10:26:36 IST" name="tearDown" finished-at="2022-09-14T10:26:38 IST" duration-ms="2144" status="PASS">
          <reporter-output>
          </reporter-output>
        </test-method> <!-- tearDown -->
      </class> <!-- com.ftx.qa.testcases.StaffsPageTest -->
    </test> <!-- Staff Test -->
    <test started-at="2022-09-14T10:26:38 IST" name="Staff2 Test" finished-at="2022-09-14T10:27:00 IST" duration-ms="22322">
      <class name="com.ftx.qa.testcases.StaffPage2Test">
        <test-method is-config="true" signature="setup()[pri:0, instance:com.ftx.qa.testcases.StaffPage2Test@723ca036]" started-at="2022-09-14T10:26:38 IST" name="setup" finished-at="2022-09-14T10:26:40 IST" duration-ms="1629" status="PASS">
          <reporter-output>
          </reporter-output>
        </test-method> <!-- setup -->
        <test-method signature="executeStaffPage()[pri:0, instance:com.ftx.qa.testcases.StaffPage2Test@723ca036]" started-at="2022-09-14T10:26:40 IST" name="executeStaffPage" finished-at="2022-09-14T10:26:57 IST" duration-ms="17558" status="PASS">
          <reporter-output>
          </reporter-output>
        </test-method> <!-- executeStaffPage -->
        <test-method is-config="true" signature="tearDown()[pri:0, instance:com.ftx.qa.testcases.StaffPage2Test@723ca036]" started-at="2022-09-14T10:26:57 IST" name="tearDown" finished-at="2022-09-14T10:27:00 IST" duration-ms="3132" status="PASS">
          <reporter-output>
          </reporter-output>
        </test-method> <!-- tearDown -->
      </class> <!-- com.ftx.qa.testcases.StaffPage2Test -->
    </test> <!-- Staff2 Test -->
    <test started-at="2022-09-14T10:27:00 IST" name="StaffPasword Test" finished-at="2022-09-14T10:27:29 IST" duration-ms="28788">
      <class name="com.ftx.qa.testcases.StaffPasswordPageTest">
        <test-method is-config="true" signature="setup()[pri:0, instance:com.ftx.qa.testcases.StaffPasswordPageTest@4d0d9fe7]" started-at="2022-09-14T10:27:00 IST" name="setup" finished-at="2022-09-14T10:27:02 IST" duration-ms="1695" status="PASS">
          <reporter-output>
          </reporter-output>
        </test-method> <!-- setup -->
        <test-method signature="executeStaffPasswordPage()[pri:0, instance:com.ftx.qa.testcases.StaffPasswordPageTest@4d0d9fe7]" started-at="2022-09-14T10:27:02 IST" name="executeStaffPasswordPage" finished-at="2022-09-14T10:27:27 IST" duration-ms="24957" status="PASS">
          <reporter-output>
          </reporter-output>
        </test-method> <!-- executeStaffPasswordPage -->
        <test-method is-config="true" signature="tearDown()[pri:0, instance:com.ftx.qa.testcases.StaffPasswordPageTest@4d0d9fe7]" started-at="2022-09-14T10:27:27 IST" name="tearDown" finished-at="2022-09-14T10:27:29 IST" duration-ms="2132" status="PASS">
          <reporter-output>
          </reporter-output>
        </test-method> <!-- tearDown -->
      </class> <!-- com.ftx.qa.testcases.StaffPasswordPageTest -->
    </test> <!-- StaffPasword Test -->
    <test started-at="2022-09-14T10:27:29 IST" name="UpdateEnquiry Test" finished-at="2022-09-14T10:27:47 IST" duration-ms="17832">
      <class name="com.ftx.qa.testcases.UpdateEnquiryPageTest">
        <test-method is-config="true" signature="setup()[pri:0, instance:com.ftx.qa.testcases.UpdateEnquiryPageTest@5a59ca5e]" started-at="2022-09-14T10:27:29 IST" name="setup" finished-at="2022-09-14T10:27:31 IST" duration-ms="1509" status="PASS">
          <reporter-output>
          </reporter-output>
        </test-method> <!-- setup -->
        <test-method signature="executeUpdateEnquiryPage()[pri:0, instance:com.ftx.qa.testcases.UpdateEnquiryPageTest@5a59ca5e]" started-at="2022-09-14T10:27:31 IST" name="executeUpdateEnquiryPage" finished-at="2022-09-14T10:27:45 IST" duration-ms="14170" status="PASS">
          <reporter-output>
          </reporter-output>
        </test-method> <!-- executeUpdateEnquiryPage -->
        <test-method is-config="true" signature="tearDown()[pri:0, instance:com.ftx.qa.testcases.UpdateEnquiryPageTest@5a59ca5e]" started-at="2022-09-14T10:27:45 IST" name="tearDown" finished-at="2022-09-14T10:27:47 IST" duration-ms="2150" status="PASS">
          <reporter-output>
          </reporter-output>
        </test-method> <!-- tearDown -->
      </class> <!-- com.ftx.qa.testcases.UpdateEnquiryPageTest -->
    </test> <!-- UpdateEnquiry Test -->
    <test started-at="2022-09-14T10:27:47 IST" name="StaffTransfer Test" finished-at="2022-09-14T10:28:21 IST" duration-ms="33645">
      <class name="com.ftx.qa.testcases.StaffTransferPageTest">
        <test-method is-config="true" signature="setup()[pri:0, instance:com.ftx.qa.testcases.StaffTransferPageTest@6f53b8a]" started-at="2022-09-14T10:27:47 IST" name="setup" finished-at="2022-09-14T10:27:49 IST" duration-ms="1535" status="PASS">
          <reporter-output>
          </reporter-output>
        </test-method> <!-- setup -->
        <test-method signature="executeRequestSubModule()[pri:0, instance:com.ftx.qa.testcases.StaffTransferPageTest@6f53b8a]" started-at="2022-09-14T10:27:49 IST" name="executeRequestSubModule" finished-at="2022-09-14T10:28:18 IST" duration-ms="28908" status="PASS">
          <reporter-output>
          </reporter-output>
        </test-method> <!-- executeRequestSubModule -->
        <test-method is-config="true" signature="tearDown()[pri:0, instance:com.ftx.qa.testcases.StaffTransferPageTest@6f53b8a]" started-at="2022-09-14T10:28:18 IST" name="tearDown" finished-at="2022-09-14T10:28:21 IST" duration-ms="3194" status="PASS">
          <reporter-output>
          </reporter-output>
        </test-method> <!-- tearDown -->
      </class> <!-- com.ftx.qa.testcases.StaffTransferPageTest -->
    </test> <!-- StaffTransfer Test -->
    <test started-at="2022-09-14T10:28:21 IST" name="InvoiceOtp Test" finished-at="2022-09-14T10:28:41 IST" duration-ms="20224">
      <class name="com.ftx.qa.testcases.InvoiceOtpTest">
        <test-method is-config="true" signature="setup()[pri:0, instance:com.ftx.qa.testcases.InvoiceOtpTest@5965d37]" started-at="2022-09-14T10:28:21 IST" name="setup" finished-at="2022-09-14T10:28:22 IST" duration-ms="1438" status="PASS">
          <reporter-output>
          </reporter-output>
        </test-method> <!-- setup -->
        <test-method signature="verifyInvoiceOtpTest()[pri:0, instance:com.ftx.qa.testcases.InvoiceOtpTest@5965d37]" started-at="2022-09-14T10:28:22 IST" name="verifyInvoiceOtpTest" finished-at="2022-09-14T10:28:39 IST" duration-ms="16640" status="PASS">
          <reporter-output>
          </reporter-output>
        </test-method> <!-- verifyInvoiceOtpTest -->
        <test-method is-config="true" signature="tearDown()[pri:0, instance:com.ftx.qa.testcases.InvoiceOtpTest@5965d37]" started-at="2022-09-14T10:28:39 IST" name="tearDown" finished-at="2022-09-14T10:28:41 IST" duration-ms="2142" status="PASS">
          <reporter-output>
          </reporter-output>
        </test-method> <!-- tearDown -->
      </class> <!-- com.ftx.qa.testcases.InvoiceOtpTest -->
    </test> <!-- InvoiceOtp Test -->
    <test started-at="2022-09-14T10:28:41 IST" name="Attendance Test" finished-at="2022-09-14T10:29:07 IST" duration-ms="25794">
      <class name="com.ftx.qa.testcases.AttendancePageTest">
        <test-method is-config="true" signature="setup()[pri:0, instance:com.ftx.qa.testcases.AttendancePageTest@239a307b]" started-at="2022-09-14T10:28:41 IST" name="setup" finished-at="2022-09-14T10:28:43 IST" duration-ms="1535" status="PASS">
          <reporter-output>
          </reporter-output>
        </test-method> <!-- setup -->
        <test-method signature="executeAttendnacePageTest()[pri:0, instance:com.ftx.qa.testcases.AttendancePageTest@239a307b]" started-at="2022-09-14T10:28:43 IST" name="executeAttendnacePageTest" finished-at="2022-09-14T10:29:05 IST" duration-ms="22120" status="PASS">
          <reporter-output>
          </reporter-output>
        </test-method> <!-- executeAttendnacePageTest -->
        <test-method is-config="true" signature="tearDown()[pri:0, instance:com.ftx.qa.testcases.AttendancePageTest@239a307b]" started-at="2022-09-14T10:29:05 IST" name="tearDown" finished-at="2022-09-14T10:29:07 IST" duration-ms="2137" status="PASS">
          <reporter-output>
          </reporter-output>
        </test-method> <!-- tearDown -->
      </class> <!-- com.ftx.qa.testcases.AttendancePageTest -->
    </test> <!-- Attendance Test -->
  </suite> <!-- TL Panel -->
</testng-results>
